rate_limiting_setup_failed
AUTH_SECRET_KEY not set ù using insecure default. This is only acceptable in development.
Traceback (most recent call last):
  File "<frozen runpy>", line 198, in _run_module_as_main
  File "<frozen runpy>", line 88, in _run_code
  File "D:\Python\GITHUB\resync\6.0\resync\resync\main.py", line 39, in <module>
    app = _factory.create_application()
  File "D:\Python\GITHUB\resync\6.0\resync\resync\app_factory.py", line 522, in create_application
    self._register_routers()
    ~~~~~~~~~~~~~~~~~~~~~~^^
  File "D:\Python\GITHUB\resync\6.0\resync\resync\app_factory.py", line 720, in _register_routers
    from resync.api.routes.admin.prompts import prompt_router
  File "D:\Python\GITHUB\resync\6.0\resync\resync\api\routes\admin\__init__.py", line 5, in <module>
    from .rag_reranker import router as rag_reranker_router
  File "D:\Python\GITHUB\resync\6.0\resync\resync\api\routes\admin\rag_reranker.py", line 20, in <module>
    from resync.knowledge.config import CFG
  File "D:\Python\GITHUB\resync\6.0\resync\resync\knowledge\config.py", line 105, in <module>
    CFG = RagConfig()
  File "<string>", line 23, in __init__
  File "D:\Python\GITHUB\resync\6.0\resync\resync\knowledge\config.py", line 102, in __post_init__
    object.__setattr__(self, "database_url", _get_database_url())
                                             ~~~~~~~~~~~~~~~~~^^
  File "D:\Python\GITHUB\resync\6.0\resync\resync\knowledge\config.py", line 39, in _get_database_url
    logger.warning(
    ~~~~~~~~~~~~~~^
        "insecure_database_url",
        ^^^^^^^^^^^^^^^^^^^^^^^^
        hint="DATABASE_URL contains default password - change for production",
        ^^^^^^^^^^^^^^^^^^^^^^^^^^^^^^^^^^^^^^^^^^^^^^^^^^^^^^^^^^^^^^^^^^^^^^
    )
    ^
  File "C:\Users\User\AppData\Local\Programs\Python\Python313\Lib\logging\__init__.py", line 1532, in warning
    self._log(WARNING, msg, args, **kwargs)
    ~~~~~~~~~^^^^^^^^^^^^^^^^^^^^^^^^^^^^^^
TypeError: Logger._log() got an unexpected keyword argument 'hint'
